  main.cpp
C:\Users\binya\source\repos\QEngine\QEngine\main.cpp(56,2): warning C4309: 'initializing': truncation of constant value
C:\Users\binya\source\repos\QEngine\QEngine\main.cpp(57,1): warning C4369: 'OpCodes::Exit':  enumerator value '-1' cannot be represented as 'unsigned char', value is '255'
C:\Users\binya\source\repos\QEngine\QEngine\main.cpp(387,30): warning C4244: 'argument': conversion from 'double' to 'T', possible loss of data
          with
          [
              T=size_t
          ]
C:\Users\binya\source\repos\QEngine\QEngine\main.cpp(386): message : while compiling class template member function 'bool qpl::DataHandler<TypeIndex::RelativePointer,T>::remainder(ExecutionContext &,qpl::Data &,qpl::Data &)'
          with
          [
              T=size_t
          ]
C:\Users\binya\source\repos\QEngine\QEngine\main.cpp(431): message : see reference to class template instantiation 'qpl::DataHandler<TypeIndex::RelativePointer,T>' being compiled
          with
          [
              T=size_t
          ]
C:\Users\binya\source\repos\QEngine\QEngine\main.cpp(447): message : see reference to function template instantiation 'void qpl::add_handler<TypeIndex::RelativePointer,size_t>(void)' being compiled
C:\Users\binya\source\repos\QEngine\QEngine\main.cpp(387,30): warning C4244: 'argument': conversion from 'double' to 'T', possible loss of data
          with
          [
              T=int64_t
          ]
C:\Users\binya\source\repos\QEngine\QEngine\main.cpp(386): message : while compiling class template member function 'bool qpl::DataHandler<TypeIndex::Int64,T>::remainder(ExecutionContext &,qpl::Data &,qpl::Data &)'
          with
          [
              T=int64_t
          ]
C:\Users\binya\source\repos\QEngine\QEngine\main.cpp(431): message : see reference to class template instantiation 'qpl::DataHandler<TypeIndex::Int64,T>' being compiled
          with
          [
              T=int64_t
          ]
C:\Users\binya\source\repos\QEngine\QEngine\main.cpp(440): message : see reference to function template instantiation 'void qpl::add_handler<TypeIndex::Int64,int64_t>(void)' being compiled
C:\Users\binya\source\repos\QEngine\QEngine\main.cpp(387,30): warning C4244: 'argument': conversion from 'double' to 'T', possible loss of data
          with
          [
              T=int32_t
          ]
C:\Users\binya\source\repos\QEngine\QEngine\main.cpp(386): message : while compiling class template member function 'bool qpl::DataHandler<TypeIndex::Int32,T>::remainder(ExecutionContext &,qpl::Data &,qpl::Data &)'
          with
          [
              T=int32_t
          ]
C:\Users\binya\source\repos\QEngine\QEngine\main.cpp(431): message : see reference to class template instantiation 'qpl::DataHandler<TypeIndex::Int32,T>' being compiled
          with
          [
              T=int32_t
          ]
C:\Users\binya\source\repos\QEngine\QEngine\main.cpp(439): message : see reference to function template instantiation 'void qpl::add_handler<TypeIndex::Int32,int32_t>(void)' being compiled
C:\Users\binya\source\repos\QEngine\QEngine\main.cpp(387,30): warning C4244: 'argument': conversion from 'double' to 'T', possible loss of data
          with
          [
              T=int16_t
          ]
C:\Users\binya\source\repos\QEngine\QEngine\main.cpp(386): message : while compiling class template member function 'bool qpl::DataHandler<TypeIndex::Int16,T>::remainder(ExecutionContext &,qpl::Data &,qpl::Data &)'
          with
          [
              T=int16_t
          ]
C:\Users\binya\source\repos\QEngine\QEngine\main.cpp(431): message : see reference to class template instantiation 'qpl::DataHandler<TypeIndex::Int16,T>' being compiled
          with
          [
              T=int16_t
          ]
C:\Users\binya\source\repos\QEngine\QEngine\main.cpp(438): message : see reference to function template instantiation 'void qpl::add_handler<TypeIndex::Int16,int16_t>(void)' being compiled
C:\Users\binya\source\repos\QEngine\QEngine\main.cpp(387,30): warning C4244: 'argument': conversion from 'double' to 'T', possible loss of data
          with
          [
              T=int8_t
          ]
C:\Users\binya\source\repos\QEngine\QEngine\main.cpp(386): message : while compiling class template member function 'bool qpl::DataHandler<TypeIndex::Int8,T>::remainder(ExecutionContext &,qpl::Data &,qpl::Data &)'
          with
          [
              T=int8_t
          ]
C:\Users\binya\source\repos\QEngine\QEngine\main.cpp(431): message : see reference to class template instantiation 'qpl::DataHandler<TypeIndex::Int8,T>' being compiled
          with
          [
              T=int8_t
          ]
C:\Users\binya\source\repos\QEngine\QEngine\main.cpp(437): message : see reference to function template instantiation 'void qpl::add_handler<TypeIndex::Int8,int8_t>(void)' being compiled
C:\Users\binya\source\repos\QEngine\QEngine\main.cpp(383,35): warning C4804: '/': unsafe use of type 'bool' in operation
C:\Users\binya\source\repos\QEngine\QEngine\main.cpp(382): message : while compiling class template member function 'bool qpl::DataHandler<TypeIndex::Bool,T>::divide(ExecutionContext &,qpl::Data &,qpl::Data &)'
          with
          [
              T=bool_t
          ]
C:\Users\binya\source\repos\QEngine\QEngine\main.cpp(431): message : see reference to class template instantiation 'qpl::DataHandler<TypeIndex::Bool,T>' being compiled
          with
          [
              T=bool_t
          ]
C:\Users\binya\source\repos\QEngine\QEngine\main.cpp(435): message : see reference to function template instantiation 'void qpl::add_handler<TypeIndex::Bool,bool_t>(void)' being compiled
  Generating code
  1 of 1101 functions (<0.1%) were compiled, the rest were copied from previous compilation.
    0 functions were new in current compilation
    1 functions had inline decision re-evaluated but remain unchanged
  Finished generating code
  QEngine.vcxproj -> C:\Users\binya\source\repos\QEngine\x64\Release\QEngine.exe
